<?xml version="1.0" encoding="UTF-8"?>
<testsuite xmlns:xsi="http://www.w3.org/2001/XMLSchema-instance" xsi:noNamespaceSchemaLocation="https://maven.apache.org/surefire/maven-surefire-plugin/xsd/surefire-test-report.xsd" name="com.abnamro.TestRunner" time="7.695" tests="12" errors="0" skipped="0" failures="0">
  <properties>
    <property name="gopherProxySet" value="false"/>
    <property name="awt.toolkit" value="sun.lwawt.macosx.LWCToolkit"/>
    <property name="file.encoding.pkg" value="sun.io"/>
    <property name="java.specification.version" value="1.8"/>
    <property name="sun.cpu.isalist" value=""/>
    <property name="sun.jnu.encoding" value="UTF-8"/>
    <property name="java.class.path" value="/Users/shivangisingh/Documents/New/abn-assignment/target/test-classes:/Users/shivangisingh/Documents/New/abn-assignment/target/classes:/Users/shivangisingh/.m2/repository/junit/junit/4.13.1/junit-4.13.1.jar:/Users/shivangisingh/.m2/repository/org/hamcrest/hamcrest-core/1.3/hamcrest-core-1.3.jar:/Users/shivangisingh/.m2/repository/org/seleniumhq/selenium/selenium-java/3.141.59/selenium-java-3.141.59.jar:/Users/shivangisingh/.m2/repository/org/seleniumhq/selenium/selenium-api/3.141.59/selenium-api-3.141.59.jar:/Users/shivangisingh/.m2/repository/org/seleniumhq/selenium/selenium-chrome-driver/3.141.59/selenium-chrome-driver-3.141.59.jar:/Users/shivangisingh/.m2/repository/org/seleniumhq/selenium/selenium-edge-driver/3.141.59/selenium-edge-driver-3.141.59.jar:/Users/shivangisingh/.m2/repository/org/seleniumhq/selenium/selenium-firefox-driver/3.141.59/selenium-firefox-driver-3.141.59.jar:/Users/shivangisingh/.m2/repository/org/seleniumhq/selenium/selenium-ie-driver/3.141.59/selenium-ie-driver-3.141.59.jar:/Users/shivangisingh/.m2/repository/org/seleniumhq/selenium/selenium-opera-driver/3.141.59/selenium-opera-driver-3.141.59.jar:/Users/shivangisingh/.m2/repository/org/seleniumhq/selenium/selenium-remote-driver/3.141.59/selenium-remote-driver-3.141.59.jar:/Users/shivangisingh/.m2/repository/org/seleniumhq/selenium/selenium-safari-driver/3.141.59/selenium-safari-driver-3.141.59.jar:/Users/shivangisingh/.m2/repository/org/seleniumhq/selenium/selenium-support/3.141.59/selenium-support-3.141.59.jar:/Users/shivangisingh/.m2/repository/net/bytebuddy/byte-buddy/1.8.15/byte-buddy-1.8.15.jar:/Users/shivangisingh/.m2/repository/org/apache/commons/commons-exec/1.3/commons-exec-1.3.jar:/Users/shivangisingh/.m2/repository/com/google/guava/guava/25.0-jre/guava-25.0-jre.jar:/Users/shivangisingh/.m2/repository/com/google/code/findbugs/jsr305/1.3.9/jsr305-1.3.9.jar:/Users/shivangisingh/.m2/repository/org/checkerframework/checker-compat-qual/2.0.0/checker-compat-qual-2.0.0.jar:/Users/shivangisingh/.m2/repository/com/google/errorprone/error_prone_annotations/2.1.3/error_prone_annotations-2.1.3.jar:/Users/shivangisingh/.m2/repository/com/google/j2objc/j2objc-annotations/1.1/j2objc-annotations-1.1.jar:/Users/shivangisingh/.m2/repository/org/codehaus/mojo/animal-sniffer-annotations/1.14/animal-sniffer-annotations-1.14.jar:/Users/shivangisingh/.m2/repository/com/squareup/okhttp3/okhttp/3.11.0/okhttp-3.11.0.jar:/Users/shivangisingh/.m2/repository/com/squareup/okio/okio/1.14.0/okio-1.14.0.jar:/Users/shivangisingh/.m2/repository/io/cucumber/cucumber-jvm-deps/1.0.6/cucumber-jvm-deps-1.0.6.jar:/Users/shivangisingh/.m2/repository/io/cucumber/cucumber-java/6.10.2/cucumber-java-6.10.2.jar:/Users/shivangisingh/.m2/repository/io/cucumber/cucumber-core/6.10.2/cucumber-core-6.10.2.jar:/Users/shivangisingh/.m2/repository/io/cucumber/cucumber-gherkin/6.10.2/cucumber-gherkin-6.10.2.jar:/Users/shivangisingh/.m2/repository/io/cucumber/cucumber-gherkin-messages/6.10.2/cucumber-gherkin-messages-6.10.2.jar:/Users/shivangisingh/.m2/repository/io/cucumber/messages/14.0.1/messages-14.0.1.jar:/Users/shivangisingh/.m2/repository/io/cucumber/tag-expressions/3.0.0/tag-expressions-3.0.0.jar:/Users/shivangisingh/.m2/repository/io/cucumber/cucumber-expressions/10.3.0/cucumber-expressions-10.3.0.jar:/Users/shivangisingh/.m2/repository/io/cucumber/datatable/3.5.0/datatable-3.5.0.jar:/Users/shivangisingh/.m2/repository/io/cucumber/cucumber-plugin/6.10.2/cucumber-plugin-6.10.2.jar:/Users/shivangisingh/.m2/repository/io/cucumber/docstring/6.10.2/docstring-6.10.2.jar:/Users/shivangisingh/.m2/repository/io/cucumber/html-formatter/12.0.0/html-formatter-12.0.0.jar:/Users/shivangisingh/.m2/repository/io/cucumber/create-meta/3.0.0/create-meta-3.0.0.jar:/Users/shivangisingh/.m2/repository/org/apiguardian/apiguardian-api/1.1.1/apiguardian-api-1.1.1.jar:/Users/shivangisingh/.m2/repository/io/cucumber/cucumber-junit/6.10.2/cucumber-junit-6.10.2.jar:/Users/shivangisingh/.m2/repository/io/github/bonigarcia/webdrivermanager/2.2.1/webdrivermanager-2.2.1.jar:/Users/shivangisingh/.m2/repository/org/slf4j/slf4j-api/1.7.24/slf4j-api-1.7.24.jar:/Users/shivangisingh/.m2/repository/commons-io/commons-io/2.5/commons-io-2.5.jar:/Users/shivangisingh/.m2/repository/com/google/code/gson/gson/2.8.0/gson-2.8.0.jar:/Users/shivangisingh/.m2/repository/org/apache/commons/commons-lang3/3.5/commons-lang3-3.5.jar:/Users/shivangisingh/.m2/repository/org/apache/httpcomponents/httpclient/4.5.3/httpclient-4.5.3.jar:/Users/shivangisingh/.m2/repository/org/apache/httpcomponents/httpcore/4.4.6/httpcore-4.4.6.jar:/Users/shivangisingh/.m2/repository/commons-logging/commons-logging/1.2/commons-logging-1.2.jar:/Users/shivangisingh/.m2/repository/commons-codec/commons-codec/1.9/commons-codec-1.9.jar:/Users/shivangisingh/.m2/repository/org/rauschig/jarchivelib/0.7.1/jarchivelib-0.7.1.jar:/Users/shivangisingh/.m2/repository/org/apache/commons/commons-compress/1.9/commons-compress-1.9.jar:/Users/shivangisingh/.m2/repository/org/jsoup/jsoup/1.10.2/jsoup-1.10.2.jar:/Users/shivangisingh/.m2/repository/ch/qos/logback/logback-classic/1.2.3/logback-classic-1.2.3.jar:/Users/shivangisingh/.m2/repository/ch/qos/logback/logback-core/1.2.3/logback-core-1.2.3.jar:/Users/shivangisingh/.m2/repository/net/masterthought/maven-cucumber-reporting/5.4.0/maven-cucumber-reporting-5.4.0.jar:/Users/shivangisingh/.m2/repository/org/apache/maven/maven-plugin-api/3.6.3/maven-plugin-api-3.6.3.jar:/Users/shivangisingh/.m2/repository/org/apache/maven/maven-model/3.6.3/maven-model-3.6.3.jar:/Users/shivangisingh/.m2/repository/org/apache/maven/maven-artifact/3.6.3/maven-artifact-3.6.3.jar:/Users/shivangisingh/.m2/repository/org/eclipse/sisu/org.eclipse.sisu.plexus/0.3.4/org.eclipse.sisu.plexus-0.3.4.jar:/Users/shivangisingh/.m2/repository/javax/enterprise/cdi-api/1.0/cdi-api-1.0.jar:/Users/shivangisingh/.m2/repository/javax/annotation/jsr250-api/1.0/jsr250-api-1.0.jar:/Users/shivangisingh/.m2/repository/javax/inject/javax.inject/1/javax.inject-1.jar:/Users/shivangisingh/.m2/repository/org/eclipse/sisu/org.eclipse.sisu.inject/0.3.4/org.eclipse.sisu.inject-0.3.4.jar:/Users/shivangisingh/.m2/repository/org/codehaus/plexus/plexus-component-annotations/1.5.5/plexus-component-annotations-1.5.5.jar:/Users/shivangisingh/.m2/repository/org/codehaus/plexus/plexus-utils/3.2.1/plexus-utils-3.2.1.jar:/Users/shivangisingh/.m2/repository/org/codehaus/plexus/plexus-classworlds/2.6.0/plexus-classworlds-2.6.0.jar:/Users/shivangisingh/.m2/repository/org/apache/maven/plugins/maven-gpg-plugin/1.6/maven-gpg-plugin-1.6.jar:/Users/shivangisingh/.m2/repository/org/apache/maven/maven-project/2.2.1/maven-project-2.2.1.jar:/Users/shivangisingh/.m2/repository/org/apache/maven/maven-settings/2.2.1/maven-settings-2.2.1.jar:/Users/shivangisingh/.m2/repository/org/apache/maven/maven-profile/2.2.1/maven-profile-2.2.1.jar:/Users/shivangisingh/.m2/repository/org/apache/maven/maven-artifact-manager/2.2.1/maven-artifact-manager-2.2.1.jar:/Users/shivangisingh/.m2/repository/org/apache/maven/wagon/wagon-provider-api/1.0-beta-6/wagon-provider-api-1.0-beta-6.jar:/Users/shivangisingh/.m2/repository/backport-util-concurrent/backport-util-concurrent/3.1/backport-util-concurrent-3.1.jar:/Users/shivangisingh/.m2/repository/org/apache/maven/maven-plugin-registry/2.2.1/maven-plugin-registry-2.2.1.jar:/Users/shivangisingh/.m2/repository/org/codehaus/plexus/plexus-interpolation/1.11/plexus-interpolation-1.11.jar:/Users/shivangisingh/.m2/repository/org/codehaus/plexus/plexus-container-default/1.0-alpha-9-stable-1/plexus-container-default-1.0-alpha-9-stable-1.jar:/Users/shivangisingh/.m2/repository/classworlds/classworlds/1.1-alpha-2/classworlds-1.1-alpha-2.jar:/Users/shivangisingh/.m2/repository/org/apache/maven/maven-repository-metadata/2.2.1/maven-repository-metadata-2.2.1.jar:/Users/shivangisingh/.m2/repository/org/sonatype/plexus/plexus-sec-dispatcher/1.4/plexus-sec-dispatcher-1.4.jar:/Users/shivangisingh/.m2/repository/org/sonatype/plexus/plexus-cipher/1.4/plexus-cipher-1.4.jar:/Users/shivangisingh/.m2/repository/net/masterthought/cucumber-reporting/5.4.0/cucumber-reporting-5.4.0.jar:/Users/shivangisingh/.m2/repository/com/fasterxml/jackson/core/jackson-databind/2.10.1/jackson-databind-2.10.1.jar:/Users/shivangisingh/.m2/repository/com/fasterxml/jackson/core/jackson-annotations/2.10.1/jackson-annotations-2.10.1.jar:/Users/shivangisingh/.m2/repository/com/fasterxml/jackson/core/jackson-core/2.10.1/jackson-core-2.10.1.jar:/Users/shivangisingh/.m2/repository/com/fasterxml/jackson/datatype/jackson-datatype-jsr310/2.10.1/jackson-datatype-jsr310-2.10.1.jar:/Users/shivangisingh/.m2/repository/org/apache/velocity/velocity-engine-core/2.1/velocity-engine-core-2.1.jar:/Users/shivangisingh/.m2/repository/commons-collections/commons-collections/3.2.2/commons-collections-3.2.2.jar:/Users/shivangisingh/.m2/repository/joda-time/joda-time/2.10.5/joda-time-2.10.5.jar:/Users/shivangisingh/.m2/repository/com/googlecode/owasp-java-html-sanitizer/owasp-java-html-sanitizer/20191001.1/owasp-java-html-sanitizer-20191001.1.jar:/Users/shivangisingh/.m2/repository/commons-configuration/commons-configuration/1.10/commons-configuration-1.10.jar:/Users/shivangisingh/.m2/repository/commons-lang/commons-lang/2.6/commons-lang-2.6.jar:"/>
    <property name="java.vm.vendor" value="Oracle Corporation"/>
    <property name="sun.arch.data.model" value="64"/>
    <property name="java.vendor.url" value="http://java.oracle.com/"/>
    <property name="user.timezone" value=""/>
    <property name="java.vm.specification.version" value="1.8"/>
    <property name="os.name" value="Mac OS X"/>
    <property name="user.country" value="NL"/>
    <property name="sun.java.launcher" value="SUN_STANDARD"/>
    <property name="sun.boot.library.path" value="/Library/Java/JavaVirtualMachines/jdk1.8.0_321.jdk/Contents/Home/jre/lib"/>
    <property name="sun.java.command" value="/Users/shivangisingh/Documents/New/abn-assignment/target/surefire/surefirebooter4813733180518763390.jar /Users/shivangisingh/Documents/New/abn-assignment/target/surefire 2022-06-06T12-16-41_578-jvmRun1 surefire6439847883482651747tmp surefire_06181737437276682103tmp"/>
    <property name="surefire.test.class.path" value="/Users/shivangisingh/Documents/New/abn-assignment/target/test-classes:/Users/shivangisingh/Documents/New/abn-assignment/target/classes:/Users/shivangisingh/.m2/repository/junit/junit/4.13.1/junit-4.13.1.jar:/Users/shivangisingh/.m2/repository/org/hamcrest/hamcrest-core/1.3/hamcrest-core-1.3.jar:/Users/shivangisingh/.m2/repository/org/seleniumhq/selenium/selenium-java/3.141.59/selenium-java-3.141.59.jar:/Users/shivangisingh/.m2/repository/org/seleniumhq/selenium/selenium-api/3.141.59/selenium-api-3.141.59.jar:/Users/shivangisingh/.m2/repository/org/seleniumhq/selenium/selenium-chrome-driver/3.141.59/selenium-chrome-driver-3.141.59.jar:/Users/shivangisingh/.m2/repository/org/seleniumhq/selenium/selenium-edge-driver/3.141.59/selenium-edge-driver-3.141.59.jar:/Users/shivangisingh/.m2/repository/org/seleniumhq/selenium/selenium-firefox-driver/3.141.59/selenium-firefox-driver-3.141.59.jar:/Users/shivangisingh/.m2/repository/org/seleniumhq/selenium/selenium-ie-driver/3.141.59/selenium-ie-driver-3.141.59.jar:/Users/shivangisingh/.m2/repository/org/seleniumhq/selenium/selenium-opera-driver/3.141.59/selenium-opera-driver-3.141.59.jar:/Users/shivangisingh/.m2/repository/org/seleniumhq/selenium/selenium-remote-driver/3.141.59/selenium-remote-driver-3.141.59.jar:/Users/shivangisingh/.m2/repository/org/seleniumhq/selenium/selenium-safari-driver/3.141.59/selenium-safari-driver-3.141.59.jar:/Users/shivangisingh/.m2/repository/org/seleniumhq/selenium/selenium-support/3.141.59/selenium-support-3.141.59.jar:/Users/shivangisingh/.m2/repository/net/bytebuddy/byte-buddy/1.8.15/byte-buddy-1.8.15.jar:/Users/shivangisingh/.m2/repository/org/apache/commons/commons-exec/1.3/commons-exec-1.3.jar:/Users/shivangisingh/.m2/repository/com/google/guava/guava/25.0-jre/guava-25.0-jre.jar:/Users/shivangisingh/.m2/repository/com/google/code/findbugs/jsr305/1.3.9/jsr305-1.3.9.jar:/Users/shivangisingh/.m2/repository/org/checkerframework/checker-compat-qual/2.0.0/checker-compat-qual-2.0.0.jar:/Users/shivangisingh/.m2/repository/com/google/errorprone/error_prone_annotations/2.1.3/error_prone_annotations-2.1.3.jar:/Users/shivangisingh/.m2/repository/com/google/j2objc/j2objc-annotations/1.1/j2objc-annotations-1.1.jar:/Users/shivangisingh/.m2/repository/org/codehaus/mojo/animal-sniffer-annotations/1.14/animal-sniffer-annotations-1.14.jar:/Users/shivangisingh/.m2/repository/com/squareup/okhttp3/okhttp/3.11.0/okhttp-3.11.0.jar:/Users/shivangisingh/.m2/repository/com/squareup/okio/okio/1.14.0/okio-1.14.0.jar:/Users/shivangisingh/.m2/repository/io/cucumber/cucumber-jvm-deps/1.0.6/cucumber-jvm-deps-1.0.6.jar:/Users/shivangisingh/.m2/repository/io/cucumber/cucumber-java/6.10.2/cucumber-java-6.10.2.jar:/Users/shivangisingh/.m2/repository/io/cucumber/cucumber-core/6.10.2/cucumber-core-6.10.2.jar:/Users/shivangisingh/.m2/repository/io/cucumber/cucumber-gherkin/6.10.2/cucumber-gherkin-6.10.2.jar:/Users/shivangisingh/.m2/repository/io/cucumber/cucumber-gherkin-messages/6.10.2/cucumber-gherkin-messages-6.10.2.jar:/Users/shivangisingh/.m2/repository/io/cucumber/messages/14.0.1/messages-14.0.1.jar:/Users/shivangisingh/.m2/repository/io/cucumber/tag-expressions/3.0.0/tag-expressions-3.0.0.jar:/Users/shivangisingh/.m2/repository/io/cucumber/cucumber-expressions/10.3.0/cucumber-expressions-10.3.0.jar:/Users/shivangisingh/.m2/repository/io/cucumber/datatable/3.5.0/datatable-3.5.0.jar:/Users/shivangisingh/.m2/repository/io/cucumber/cucumber-plugin/6.10.2/cucumber-plugin-6.10.2.jar:/Users/shivangisingh/.m2/repository/io/cucumber/docstring/6.10.2/docstring-6.10.2.jar:/Users/shivangisingh/.m2/repository/io/cucumber/html-formatter/12.0.0/html-formatter-12.0.0.jar:/Users/shivangisingh/.m2/repository/io/cucumber/create-meta/3.0.0/create-meta-3.0.0.jar:/Users/shivangisingh/.m2/repository/org/apiguardian/apiguardian-api/1.1.1/apiguardian-api-1.1.1.jar:/Users/shivangisingh/.m2/repository/io/cucumber/cucumber-junit/6.10.2/cucumber-junit-6.10.2.jar:/Users/shivangisingh/.m2/repository/io/github/bonigarcia/webdrivermanager/2.2.1/webdrivermanager-2.2.1.jar:/Users/shivangisingh/.m2/repository/org/slf4j/slf4j-api/1.7.24/slf4j-api-1.7.24.jar:/Users/shivangisingh/.m2/repository/commons-io/commons-io/2.5/commons-io-2.5.jar:/Users/shivangisingh/.m2/repository/com/google/code/gson/gson/2.8.0/gson-2.8.0.jar:/Users/shivangisingh/.m2/repository/org/apache/commons/commons-lang3/3.5/commons-lang3-3.5.jar:/Users/shivangisingh/.m2/repository/org/apache/httpcomponents/httpclient/4.5.3/httpclient-4.5.3.jar:/Users/shivangisingh/.m2/repository/org/apache/httpcomponents/httpcore/4.4.6/httpcore-4.4.6.jar:/Users/shivangisingh/.m2/repository/commons-logging/commons-logging/1.2/commons-logging-1.2.jar:/Users/shivangisingh/.m2/repository/commons-codec/commons-codec/1.9/commons-codec-1.9.jar:/Users/shivangisingh/.m2/repository/org/rauschig/jarchivelib/0.7.1/jarchivelib-0.7.1.jar:/Users/shivangisingh/.m2/repository/org/apache/commons/commons-compress/1.9/commons-compress-1.9.jar:/Users/shivangisingh/.m2/repository/org/jsoup/jsoup/1.10.2/jsoup-1.10.2.jar:/Users/shivangisingh/.m2/repository/ch/qos/logback/logback-classic/1.2.3/logback-classic-1.2.3.jar:/Users/shivangisingh/.m2/repository/ch/qos/logback/logback-core/1.2.3/logback-core-1.2.3.jar:/Users/shivangisingh/.m2/repository/net/masterthought/maven-cucumber-reporting/5.4.0/maven-cucumber-reporting-5.4.0.jar:/Users/shivangisingh/.m2/repository/org/apache/maven/maven-plugin-api/3.6.3/maven-plugin-api-3.6.3.jar:/Users/shivangisingh/.m2/repository/org/apache/maven/maven-model/3.6.3/maven-model-3.6.3.jar:/Users/shivangisingh/.m2/repository/org/apache/maven/maven-artifact/3.6.3/maven-artifact-3.6.3.jar:/Users/shivangisingh/.m2/repository/org/eclipse/sisu/org.eclipse.sisu.plexus/0.3.4/org.eclipse.sisu.plexus-0.3.4.jar:/Users/shivangisingh/.m2/repository/javax/enterprise/cdi-api/1.0/cdi-api-1.0.jar:/Users/shivangisingh/.m2/repository/javax/annotation/jsr250-api/1.0/jsr250-api-1.0.jar:/Users/shivangisingh/.m2/repository/javax/inject/javax.inject/1/javax.inject-1.jar:/Users/shivangisingh/.m2/repository/org/eclipse/sisu/org.eclipse.sisu.inject/0.3.4/org.eclipse.sisu.inject-0.3.4.jar:/Users/shivangisingh/.m2/repository/org/codehaus/plexus/plexus-component-annotations/1.5.5/plexus-component-annotations-1.5.5.jar:/Users/shivangisingh/.m2/repository/org/codehaus/plexus/plexus-utils/3.2.1/plexus-utils-3.2.1.jar:/Users/shivangisingh/.m2/repository/org/codehaus/plexus/plexus-classworlds/2.6.0/plexus-classworlds-2.6.0.jar:/Users/shivangisingh/.m2/repository/org/apache/maven/plugins/maven-gpg-plugin/1.6/maven-gpg-plugin-1.6.jar:/Users/shivangisingh/.m2/repository/org/apache/maven/maven-project/2.2.1/maven-project-2.2.1.jar:/Users/shivangisingh/.m2/repository/org/apache/maven/maven-settings/2.2.1/maven-settings-2.2.1.jar:/Users/shivangisingh/.m2/repository/org/apache/maven/maven-profile/2.2.1/maven-profile-2.2.1.jar:/Users/shivangisingh/.m2/repository/org/apache/maven/maven-artifact-manager/2.2.1/maven-artifact-manager-2.2.1.jar:/Users/shivangisingh/.m2/repository/org/apache/maven/wagon/wagon-provider-api/1.0-beta-6/wagon-provider-api-1.0-beta-6.jar:/Users/shivangisingh/.m2/repository/backport-util-concurrent/backport-util-concurrent/3.1/backport-util-concurrent-3.1.jar:/Users/shivangisingh/.m2/repository/org/apache/maven/maven-plugin-registry/2.2.1/maven-plugin-registry-2.2.1.jar:/Users/shivangisingh/.m2/repository/org/codehaus/plexus/plexus-interpolation/1.11/plexus-interpolation-1.11.jar:/Users/shivangisingh/.m2/repository/org/codehaus/plexus/plexus-container-default/1.0-alpha-9-stable-1/plexus-container-default-1.0-alpha-9-stable-1.jar:/Users/shivangisingh/.m2/repository/classworlds/classworlds/1.1-alpha-2/classworlds-1.1-alpha-2.jar:/Users/shivangisingh/.m2/repository/org/apache/maven/maven-repository-metadata/2.2.1/maven-repository-metadata-2.2.1.jar:/Users/shivangisingh/.m2/repository/org/sonatype/plexus/plexus-sec-dispatcher/1.4/plexus-sec-dispatcher-1.4.jar:/Users/shivangisingh/.m2/repository/org/sonatype/plexus/plexus-cipher/1.4/plexus-cipher-1.4.jar:/Users/shivangisingh/.m2/repository/net/masterthought/cucumber-reporting/5.4.0/cucumber-reporting-5.4.0.jar:/Users/shivangisingh/.m2/repository/com/fasterxml/jackson/core/jackson-databind/2.10.1/jackson-databind-2.10.1.jar:/Users/shivangisingh/.m2/repository/com/fasterxml/jackson/core/jackson-annotations/2.10.1/jackson-annotations-2.10.1.jar:/Users/shivangisingh/.m2/repository/com/fasterxml/jackson/core/jackson-core/2.10.1/jackson-core-2.10.1.jar:/Users/shivangisingh/.m2/repository/com/fasterxml/jackson/datatype/jackson-datatype-jsr310/2.10.1/jackson-datatype-jsr310-2.10.1.jar:/Users/shivangisingh/.m2/repository/org/apache/velocity/velocity-engine-core/2.1/velocity-engine-core-2.1.jar:/Users/shivangisingh/.m2/repository/commons-collections/commons-collections/3.2.2/commons-collections-3.2.2.jar:/Users/shivangisingh/.m2/repository/joda-time/joda-time/2.10.5/joda-time-2.10.5.jar:/Users/shivangisingh/.m2/repository/com/googlecode/owasp-java-html-sanitizer/owasp-java-html-sanitizer/20191001.1/owasp-java-html-sanitizer-20191001.1.jar:/Users/shivangisingh/.m2/repository/commons-configuration/commons-configuration/1.10/commons-configuration-1.10.jar:/Users/shivangisingh/.m2/repository/commons-lang/commons-lang/2.6/commons-lang-2.6.jar:"/>
    <property name="sun.cpu.endian" value="little"/>
    <property name="user.home" value="/Users/shivangisingh"/>
    <property name="user.language" value="en"/>
    <property name="java.specification.vendor" value="Oracle Corporation"/>
    <property name="java.home" value="/Library/Java/JavaVirtualMachines/jdk1.8.0_321.jdk/Contents/Home/jre"/>
    <property name="basedir" value="/Users/shivangisingh/Documents/New/abn-assignment"/>
    <property name="file.separator" value="/"/>
    <property name="line.separator" value="&#10;"/>
    <property name="java.vm.specification.vendor" value="Oracle Corporation"/>
    <property name="java.specification.name" value="Java Platform API Specification"/>
    <property name="java.awt.graphicsenv" value="sun.awt.CGraphicsEnvironment"/>
    <property name="surefire.real.class.path" value="/Users/shivangisingh/Documents/New/abn-assignment/target/surefire/surefirebooter4813733180518763390.jar"/>
    <property name="sun.boot.class.path" value="/Library/Java/JavaVirtualMachines/jdk1.8.0_321.jdk/Contents/Home/jre/lib/resources.jar:/Library/Java/JavaVirtualMachines/jdk1.8.0_321.jdk/Contents/Home/jre/lib/rt.jar:/Library/Java/JavaVirtualMachines/jdk1.8.0_321.jdk/Contents/Home/jre/lib/sunrsasign.jar:/Library/Java/JavaVirtualMachines/jdk1.8.0_321.jdk/Contents/Home/jre/lib/jsse.jar:/Library/Java/JavaVirtualMachines/jdk1.8.0_321.jdk/Contents/Home/jre/lib/jce.jar:/Library/Java/JavaVirtualMachines/jdk1.8.0_321.jdk/Contents/Home/jre/lib/charsets.jar:/Library/Java/JavaVirtualMachines/jdk1.8.0_321.jdk/Contents/Home/jre/lib/jfr.jar:/Library/Java/JavaVirtualMachines/jdk1.8.0_321.jdk/Contents/Home/jre/classes"/>
    <property name="sun.management.compiler" value="HotSpot 64-Bit Tiered Compilers"/>
    <property name="java.runtime.version" value="1.8.0_321-b07"/>
    <property name="user.name" value="shivangisingh"/>
    <property name="path.separator" value=":"/>
    <property name="os.version" value="11.3.1"/>
    <property name="java.endorsed.dirs" value="/Library/Java/JavaVirtualMachines/jdk1.8.0_321.jdk/Contents/Home/jre/lib/endorsed"/>
    <property name="java.runtime.name" value="Java(TM) SE Runtime Environment"/>
    <property name="file.encoding" value="US-ASCII"/>
    <property name="java.vm.name" value="Java HotSpot(TM) 64-Bit Server VM"/>
    <property name="localRepository" value="/Users/shivangisingh/.m2/repository"/>
    <property name="java.vendor.url.bug" value="http://bugreport.sun.com/bugreport/"/>
    <property name="java.io.tmpdir" value="/var/folders/9_/47fm5v_54fv89tkw495ghmqm0000gn/T/"/>
    <property name="java.version" value="1.8.0_321"/>
    <property name="user.dir" value="/Users/shivangisingh/Documents/New/abn-assignment"/>
    <property name="os.arch" value="x86_64"/>
    <property name="java.vm.specification.name" value="Java Virtual Machine Specification"/>
    <property name="java.awt.printerjob" value="sun.lwawt.macosx.CPrinterJob"/>
    <property name="sun.os.patch.level" value="unknown"/>
    <property name="java.library.path" value="/Users/shivangisingh/Library/Java/Extensions:/Library/Java/Extensions:/Network/Library/Java/Extensions:/System/Library/Java/Extensions:/usr/lib/java:."/>
    <property name="java.vm.info" value="mixed mode"/>
    <property name="java.vendor" value="Oracle Corporation"/>
    <property name="java.vm.version" value="25.321-b07"/>
    <property name="java.ext.dirs" value="/Users/shivangisingh/Library/Java/Extensions:/Library/Java/JavaVirtualMachines/jdk1.8.0_321.jdk/Contents/Home/jre/lib/ext:/Library/Java/Extensions:/Network/Library/Java/Extensions:/System/Library/Java/Extensions:/usr/lib/java"/>
    <property name="sun.io.unicode.encoding" value="UnicodeBig"/>
    <property name="java.class.version" value="52.0"/>
  </properties>
  <testcase name="User Log in to ABN AMRO application with &apos;admin&apos;" classname="Automate Home page Tests" time="4.128"/>
  <testcase name="User Log in to ABN AMRO application with &apos;normalUser-Biancunha&apos;" classname="Automate Home page Tests" time="0.439"/>
  <testcase name="User Log in to ABN AMRO application with &apos;normalUser-growdev&apos;" classname="Automate Home page Tests" time="0.358"/>
  <testcase name="User name displayed on Home page" classname="Automate Home page Tests" time="0.324"/>
  <testcase name="Verify" classname="Automate Home page Tests" time="0.314"/>
  <testcase name="Verify error scenarios #1" classname="Automate Negative scenarios" time="0.021"/>
  <testcase name="Verify error scenarios #2" classname="Automate Negative scenarios" time="0.026"/>
  <testcase name="Verify FAQs on the Contact page" classname="Automate Contact page Tests" time="0.348"/>
  <testcase name="Verify email Id and phone number on the Contact page" classname="Automate Contact page Tests" time="0.351"/>
  <testcase name="Verify user Products #1" classname="Automate Products page Tests" time="0.343"/>
  <testcase name="Verify user Products #2" classname="Automate Products page Tests" time="0.388"/>
  <testcase name="Verify user Products #3" classname="Automate Products page Tests" time="0.349"/>
</testsuite>